<?xml version="1.0" encoding="UTF-8"?>
<!-- Generated by org.testng.reporters.JUnitXMLReporter -->
<testsuite ignored="0" hostname="LAPTOP-3N9MTLMM" failures="0" tests="1" name="Tournmnet creation" time="0.02" errors="0" timestamp="2021-01-06T16:22:24 IST">
  <testcase classname="knila.base" name="@BeforeTest getscreenshotpath" time="-1.609930344904E9">
    <failure type="org.testng.TestNGException" message="
Can inject only one of &amp;lt;ITestContext, XmlTest&amp;gt; into a @BeforeTest annotated getscreenshotpath.
For more information on native dependency injection please refer to https://testng.org/doc/documentation-main.html#native-dependency-injection">
      <![CDATA[org.testng.TestNGException: 
Can inject only one of <ITestContext, XmlTest> into a @BeforeTest annotated getscreenshotpath.
For more information on native dependency injection please refer to https://testng.org/doc/documentation-main.html#native-dependency-injection
... Removed 21 stack frames]]>
    </failure>
  </testcase> <!-- @BeforeTest getscreenshotpath -->
  <testcase classname="knila.tournament" name="tour" time="0.0">
    <skipped/>
  </testcase> <!-- tour -->
</testsuite> <!-- Tournmnet creation -->
