<?xml version="1.0" encoding="UTF-8"?>
<!-- Generated by org.testng.reporters.JUnitXMLReporter -->
<testsuite ignored="0" hostname="LAPTOP-3N9MTLMM" failures="1" tests="1" name="tournment" time="102.103" errors="0" timestamp="2021-01-06T17:16:35 IST">
  <testcase classname="knila.tournament" name="tour" time="102.085">
    <failure type="org.openqa.selenium.ElementNotInteractableException" message="element not interactable: element has zero size
  (Session info: chrome=87.0.4280.88)
Build info: version: &amp;apos;4.0.0-alpha-6&amp;apos;, revision: &amp;apos;5f43a29cfc&amp;apos;
System info: host: &amp;apos;LAPTOP-3N9MTLMM&amp;apos;, ip: &amp;apos;192.168.0.102&amp;apos;, os.name: &amp;apos;Windows 10&amp;apos;, os.arch: &amp;apos;amd64&amp;apos;, os.version: &amp;apos;10.0&amp;apos;, java.version: &amp;apos;15.0.1&amp;apos;
Driver info: org.openqa.selenium.chrome.ChromeDriver
Capabilities {acceptInsecureCerts: false, browserName: chrome, browserVersion: 87.0.4280.88, chrome: {chromedriverVersion: 87.0.4280.20 (c99e81631faa0..., userDataDir: C:\Users\KRISHN~1\AppData\L...}, goog:chromeOptions: {debuggerAddress: localhost:52637}, javascriptEnabled: true, networkConnectionEnabled: false, pageLoadStrategy: normal, platform: WINDOWS, platformName: WINDOWS, proxy: Proxy(), setWindowRect: true, strictFileInteractability: false, timeouts: {implicit: 0, pageLoad: 300000, script: 30000}, unhandledPromptBehavior: dismiss and notify, webauthn:virtualAuthenticators: true}
Session ID: 06189912fe534e08ddeb384e33ba2fe4">
      <![CDATA[org.openqa.selenium.ElementNotInteractableException: element not interactable: element has zero size
  (Session info: chrome=87.0.4280.88)
Build info: version: '4.0.0-alpha-6', revision: '5f43a29cfc'
System info: host: 'LAPTOP-3N9MTLMM', ip: '192.168.0.102', os.name: 'Windows 10', os.arch: 'amd64', os.version: '10.0', java.version: '15.0.1'
Driver info: org.openqa.selenium.chrome.ChromeDriver
Capabilities {acceptInsecureCerts: false, browserName: chrome, browserVersion: 87.0.4280.88, chrome: {chromedriverVersion: 87.0.4280.20 (c99e81631faa0..., userDataDir: C:\Users\KRISHN~1\AppData\L...}, goog:chromeOptions: {debuggerAddress: localhost:52637}, javascriptEnabled: true, networkConnectionEnabled: false, pageLoadStrategy: normal, platform: WINDOWS, platformName: WINDOWS, proxy: Proxy(), setWindowRect: true, strictFileInteractability: false, timeouts: {implicit: 0, pageLoad: 300000, script: 30000}, unhandledPromptBehavior: dismiss and notify, webauthn:virtualAuthenticators: true}
Session ID: 06189912fe534e08ddeb384e33ba2fe4
at org.openqa.selenium.remote.codec.w3c.W3CHttpResponseCodec.createException(W3CHttpResponseCodec.java:196)
at org.openqa.selenium.remote.codec.w3c.W3CHttpResponseCodec.decode(W3CHttpResponseCodec.java:129)
at org.openqa.selenium.remote.codec.w3c.W3CHttpResponseCodec.decode(W3CHttpResponseCodec.java:53)
at org.openqa.selenium.remote.HttpCommandExecutor.execute(HttpCommandExecutor.java:160)
at org.openqa.selenium.remote.service.DriverCommandExecutor.execute(DriverCommandExecutor.java:83)
at org.openqa.selenium.remote.RemoteWebDriver.execute(RemoteWebDriver.java:582)
at org.openqa.selenium.remote.RemoteWebElement.execute(RemoteWebElement.java:316)
at org.openqa.selenium.remote.RemoteWebElement.click(RemoteWebElement.java:85)
at knila.tournament.tour(tournament.java:39)
at java.base/java.util.ArrayList.forEach(ArrayList.java:1511)
at java.base/java.util.concurrent.FutureTask.run(FutureTask.java:264)
at java.base/java.util.concurrent.ThreadPoolExecutor.runWorker(ThreadPoolExecutor.java:1130)
at java.base/java.util.concurrent.ThreadPoolExecutor$Worker.run(ThreadPoolExecutor.java:630)
at java.base/java.lang.Thread.run(Thread.java:832)
... Removed 23 stack frames]]>
    </failure>
  </testcase> <!-- tour -->
</testsuite> <!-- tournment -->
