<?xml version="1.0" encoding="UTF-8"?>
<testng-results ignored="0" total="3" passed="3" failed="0" skipped="0">
  <reporter-output>
  </reporter-output>
  <suite started-at="2021-01-06T18:27:36 IST" name="Suite" finished-at="2021-01-06T18:29:29 IST" duration-ms="112917">
    <groups>
    </groups>
    <test started-at="2021-01-06T18:27:36 IST" name="base" finished-at="2021-01-06T18:29:29 IST" duration-ms="112917">
      <class name="knila.createevent">
        <test-method signature="event()[pri:0, instance:knila.createevent@5136d012]" started-at="2021-01-06T18:28:57 IST" name="event" finished-at="2021-01-06T18:29:29 IST" duration-ms="31511" status="PASS">
          <reporter-output>
          </reporter-output>
        </test-method> <!-- event -->
      </class> <!-- knila.createevent -->
      <class name="knila.demo">
        <test-method signature="project()[pri:0, instance:knila.demo@306cf3ea]" started-at="2021-01-06T18:27:36 IST" name="project" finished-at="2021-01-06T18:28:19 IST" duration-ms="43171" status="PASS">
          <reporter-output>
          </reporter-output>
        </test-method> <!-- project -->
      </class> <!-- knila.demo -->
      <class name="knila.tournament">
        <test-method signature="tour()[pri:0, instance:knila.tournament@2beee7ff]" started-at="2021-01-06T18:28:19 IST" name="tour" finished-at="2021-01-06T18:28:57 IST" duration-ms="37905" status="PASS">
          <reporter-output>
          </reporter-output>
        </test-method> <!-- tour -->
      </class> <!-- knila.tournament -->
    </test> <!-- base -->
  </suite> <!-- Suite -->
</testng-results>
